<?xml version="1.0" encoding="UTF-8"?>
<testng-results skipped="0" failed="0" ignored="0" total="1" passed="1">
  <reporter-output>
  </reporter-output>
  <suite name="Default suite" duration-ms="136202" started-at="2019-09-19T06:19:40Z" finished-at="2019-09-19T06:21:56Z">
    <groups>
    </groups>
    <test name="Default test" duration-ms="136202" started-at="2019-09-19T06:19:40Z" finished-at="2019-09-19T06:21:56Z">
      <class name="test.LoginPageUsingPageFactoryDemoNew">
        <test-method status="PASS" signature="test()[pri:0, instance:test.LoginPageUsingPageFactoryDemoNew@59fa1d9b]" name="test" duration-ms="136164" started-at="2019-09-19T06:19:40Z" finished-at="2019-09-19T06:21:56Z">
          <reporter-output>
          </reporter-output>
        </test-method> <!-- test -->
      </class> <!-- test.LoginPageUsingPageFactoryDemoNew -->
    </test> <!-- Default test -->
  </suite> <!-- Default suite -->
</testng-results>
